2017-08-30 21:06:16,009 [Worker-12] INFO  o.e.m.c.i.l.LifecycleMappingFactory - Using org.eclipse.m2e.jdt.JarLifecycleMapping lifecycle mapping for MavenProject: XMLParser:Parse:1.1 @ /Users/tatianalukashuk/Workspace/CLO/Parse/pom.xml.
2017-08-30 21:06:18,130 [Worker-12] INFO  o.e.m.j.i.AbstractJavaProjectConfigurator - Adding source folder /Parse/src/main/java
2017-08-30 21:06:18,135 [Worker-12] INFO  o.e.m.j.i.AbstractJavaProjectConfigurator - Adding source folder /Parse/src/test/java
2017-08-30 21:06:19,175 [Worker-12] INFO  o.e.m.c.i.p.ProjectConfigurationManager - Imported and configured 1 project(s) in 5 sec
2017-08-30 21:06:20,923 [Worker-7] INFO  o.e.m.c.i.embedder.EclipseLogger - Using 'UTF-8' encoding to copy filtered resources.
2017-08-30 21:06:20,924 [Worker-7] INFO  o.e.m.c.i.embedder.EclipseLogger - skip non existing resourceDirectory /Users/tatianalukashuk/Workspace/CLO/Parse/src/main/resources
2017-08-30 21:06:20,929 [Worker-7] INFO  o.e.m.c.i.embedder.EclipseLogger - Using 'UTF-8' encoding to copy filtered resources.
2017-08-30 21:06:20,929 [Worker-7] INFO  o.e.m.c.i.embedder.EclipseLogger - skip non existing resourceDirectory /Users/tatianalukashuk/Workspace/CLO/Parse/src/test/resources
2017-08-30 21:11:32,696 [Worker-19] INFO  o.e.m.c.i.embedder.EclipseLogger - Using 'UTF-8' encoding to copy filtered resources.
2017-08-30 21:11:32,697 [Worker-19] INFO  o.e.m.c.i.embedder.EclipseLogger - skip non existing resourceDirectory /Users/tatianalukashuk/Workspace/CLO/Parse/src/main/resources
2017-08-30 21:11:32,698 [Worker-19] INFO  o.e.m.c.i.embedder.EclipseLogger - Using 'UTF-8' encoding to copy filtered resources.
2017-08-30 21:11:32,698 [Worker-19] INFO  o.e.m.c.i.embedder.EclipseLogger - skip non existing resourceDirectory /Users/tatianalukashuk/Workspace/CLO/Parse/src/test/resources
2017-08-30 23:37:51,672 [Worker-19] INFO  o.e.m.c.i.embedder.EclipseLogger - Using 'UTF-8' encoding to copy filtered resources.
2017-08-30 23:37:51,673 [Worker-19] INFO  o.e.m.c.i.embedder.EclipseLogger - skip non existing resourceDirectory /Users/tatianalukashuk/Workspace/CLO/Parse/src/main/resources
2017-08-30 23:37:51,675 [Worker-19] INFO  o.e.m.c.i.embedder.EclipseLogger - Using 'UTF-8' encoding to copy filtered resources.
2017-08-30 23:37:51,675 [Worker-19] INFO  o.e.m.c.i.embedder.EclipseLogger - skip non existing resourceDirectory /Users/tatianalukashuk/Workspace/CLO/Parse/src/test/resources
2017-08-30 23:38:17,231 [Worker-33] INFO  o.e.m.c.i.embedder.EclipseLogger - Using 'UTF-8' encoding to copy filtered resources.
2017-08-30 23:38:17,232 [Worker-33] INFO  o.e.m.c.i.embedder.EclipseLogger - skip non existing resourceDirectory /Users/tatianalukashuk/Workspace/CLO/Parse/src/main/resources
2017-08-30 23:38:17,233 [Worker-33] INFO  o.e.m.c.i.embedder.EclipseLogger - Using 'UTF-8' encoding to copy filtered resources.
2017-08-30 23:38:17,233 [Worker-33] INFO  o.e.m.c.i.embedder.EclipseLogger - skip non existing resourceDirectory /Users/tatianalukashuk/Workspace/CLO/Parse/src/test/resources
2017-08-30 23:41:05,860 [Worker-19] INFO  o.e.m.c.i.embedder.EclipseLogger - Using 'UTF-8' encoding to copy filtered resources.
2017-08-30 23:41:05,860 [Worker-19] INFO  o.e.m.c.i.embedder.EclipseLogger - skip non existing resourceDirectory /Users/tatianalukashuk/Workspace/CLO/Parse/src/main/resources
2017-08-30 23:41:05,862 [Worker-19] INFO  o.e.m.c.i.embedder.EclipseLogger - Using 'UTF-8' encoding to copy filtered resources.
2017-08-30 23:41:05,863 [Worker-19] INFO  o.e.m.c.i.embedder.EclipseLogger - skip non existing resourceDirectory /Users/tatianalukashuk/Workspace/CLO/Parse/src/test/resources
2017-08-30 23:43:35,328 [Worker-38] INFO  o.e.m.c.i.embedder.EclipseLogger - Using 'UTF-8' encoding to copy filtered resources.
2017-08-30 23:43:35,329 [Worker-38] INFO  o.e.m.c.i.embedder.EclipseLogger - skip non existing resourceDirectory /Users/tatianalukashuk/Workspace/CLO/Parse/src/main/resources
2017-08-30 23:43:35,330 [Worker-38] INFO  o.e.m.c.i.embedder.EclipseLogger - Using 'UTF-8' encoding to copy filtered resources.
2017-08-30 23:43:35,330 [Worker-38] INFO  o.e.m.c.i.embedder.EclipseLogger - skip non existing resourceDirectory /Users/tatianalukashuk/Workspace/CLO/Parse/src/test/resources
2017-08-30 23:51:25,532 [Worker-45] INFO  o.e.m.c.i.embedder.EclipseLogger - Using 'UTF-8' encoding to copy filtered resources.
2017-08-30 23:51:25,532 [Worker-45] INFO  o.e.m.c.i.embedder.EclipseLogger - skip non existing resourceDirectory /Users/tatianalukashuk/Workspace/CLO/Parse/src/main/resources
2017-08-30 23:51:25,534 [Worker-45] INFO  o.e.m.c.i.embedder.EclipseLogger - Using 'UTF-8' encoding to copy filtered resources.
2017-08-30 23:51:25,534 [Worker-45] INFO  o.e.m.c.i.embedder.EclipseLogger - skip non existing resourceDirectory /Users/tatianalukashuk/Workspace/CLO/Parse/src/test/resources
2017-08-30 23:52:32,511 [Worker-45] INFO  o.e.m.c.i.embedder.EclipseLogger - Using 'UTF-8' encoding to copy filtered resources.
2017-08-30 23:52:32,511 [Worker-45] INFO  o.e.m.c.i.embedder.EclipseLogger - skip non existing resourceDirectory /Users/tatianalukashuk/Workspace/CLO/Parse/src/main/resources
2017-08-30 23:52:32,513 [Worker-45] INFO  o.e.m.c.i.embedder.EclipseLogger - Using 'UTF-8' encoding to copy filtered resources.
2017-08-30 23:52:32,513 [Worker-45] INFO  o.e.m.c.i.embedder.EclipseLogger - skip non existing resourceDirectory /Users/tatianalukashuk/Workspace/CLO/Parse/src/test/resources
2017-08-31 00:07:09,865 [Worker-51] INFO  o.e.m.c.i.embedder.EclipseLogger - Using 'UTF-8' encoding to copy filtered resources.
2017-08-31 00:07:09,865 [Worker-51] INFO  o.e.m.c.i.embedder.EclipseLogger - skip non existing resourceDirectory /Users/tatianalukashuk/Workspace/CLO/Parse/src/main/resources
2017-08-31 00:07:09,866 [Worker-51] INFO  o.e.m.c.i.embedder.EclipseLogger - Using 'UTF-8' encoding to copy filtered resources.
2017-08-31 00:07:09,866 [Worker-51] INFO  o.e.m.c.i.embedder.EclipseLogger - skip non existing resourceDirectory /Users/tatianalukashuk/Workspace/CLO/Parse/src/test/resources
2017-08-31 00:07:39,265 [Worker-51] INFO  o.e.m.c.i.embedder.EclipseLogger - Using 'UTF-8' encoding to copy filtered resources.
2017-08-31 00:07:39,265 [Worker-51] INFO  o.e.m.c.i.embedder.EclipseLogger - skip non existing resourceDirectory /Users/tatianalukashuk/Workspace/CLO/Parse/src/main/resources
2017-08-31 00:07:39,266 [Worker-51] INFO  o.e.m.c.i.embedder.EclipseLogger - Using 'UTF-8' encoding to copy filtered resources.
2017-08-31 00:07:39,266 [Worker-51] INFO  o.e.m.c.i.embedder.EclipseLogger - skip non existing resourceDirectory /Users/tatianalukashuk/Workspace/CLO/Parse/src/test/resources
2017-08-31 00:09:02,289 [Worker-49] INFO  o.e.m.c.i.embedder.EclipseLogger - Using 'UTF-8' encoding to copy filtered resources.
2017-08-31 00:09:02,289 [Worker-49] INFO  o.e.m.c.i.embedder.EclipseLogger - skip non existing resourceDirectory /Users/tatianalukashuk/Workspace/CLO/Parse/src/main/resources
2017-08-31 00:09:02,290 [Worker-49] INFO  o.e.m.c.i.embedder.EclipseLogger - Using 'UTF-8' encoding to copy filtered resources.
2017-08-31 00:09:02,290 [Worker-49] INFO  o.e.m.c.i.embedder.EclipseLogger - skip non existing resourceDirectory /Users/tatianalukashuk/Workspace/CLO/Parse/src/test/resources
2017-08-31 00:13:37,082 [Worker-55] INFO  o.e.m.c.i.embedder.EclipseLogger - Using 'UTF-8' encoding to copy filtered resources.
2017-08-31 00:13:37,083 [Worker-55] INFO  o.e.m.c.i.embedder.EclipseLogger - skip non existing resourceDirectory /Users/tatianalukashuk/Workspace/CLO/Parse/src/main/resources
2017-08-31 00:13:37,084 [Worker-55] INFO  o.e.m.c.i.embedder.EclipseLogger - Using 'UTF-8' encoding to copy filtered resources.
2017-08-31 00:13:37,084 [Worker-55] INFO  o.e.m.c.i.embedder.EclipseLogger - skip non existing resourceDirectory /Users/tatianalukashuk/Workspace/CLO/Parse/src/test/resources
2017-08-31 00:16:07,003 [Worker-51] INFO  o.e.m.c.i.embedder.EclipseLogger - Using 'UTF-8' encoding to copy filtered resources.
2017-08-31 00:16:07,003 [Worker-51] INFO  o.e.m.c.i.embedder.EclipseLogger - skip non existing resourceDirectory /Users/tatianalukashuk/Workspace/CLO/Parse/src/main/resources
2017-08-31 00:16:07,005 [Worker-51] INFO  o.e.m.c.i.embedder.EclipseLogger - Using 'UTF-8' encoding to copy filtered resources.
2017-08-31 00:16:07,005 [Worker-51] INFO  o.e.m.c.i.embedder.EclipseLogger - skip non existing resourceDirectory /Users/tatianalukashuk/Workspace/CLO/Parse/src/test/resources
2017-08-31 00:18:06,194 [Worker-54] INFO  o.e.m.c.i.embedder.EclipseLogger - Using 'UTF-8' encoding to copy filtered resources.
2017-08-31 00:18:06,195 [Worker-54] INFO  o.e.m.c.i.embedder.EclipseLogger - skip non existing resourceDirectory /Users/tatianalukashuk/Workspace/CLO/Parse/src/main/resources
2017-08-31 00:18:06,198 [Worker-54] INFO  o.e.m.c.i.embedder.EclipseLogger - Using 'UTF-8' encoding to copy filtered resources.
2017-08-31 00:18:06,198 [Worker-54] INFO  o.e.m.c.i.embedder.EclipseLogger - skip non existing resourceDirectory /Users/tatianalukashuk/Workspace/CLO/Parse/src/test/resources
2017-08-31 00:21:02,626 [Worker-54] INFO  o.e.m.c.i.embedder.EclipseLogger - Using 'UTF-8' encoding to copy filtered resources.
2017-08-31 00:21:02,626 [Worker-54] INFO  o.e.m.c.i.embedder.EclipseLogger - skip non existing resourceDirectory /Users/tatianalukashuk/Workspace/CLO/Parse/src/main/resources
2017-08-31 00:21:02,627 [Worker-54] INFO  o.e.m.c.i.embedder.EclipseLogger - Using 'UTF-8' encoding to copy filtered resources.
2017-08-31 00:21:02,627 [Worker-54] INFO  o.e.m.c.i.embedder.EclipseLogger - skip non existing resourceDirectory /Users/tatianalukashuk/Workspace/CLO/Parse/src/test/resources
2017-08-31 00:23:28,336 [Worker-59] INFO  o.e.m.c.i.embedder.EclipseLogger - Using 'UTF-8' encoding to copy filtered resources.
2017-08-31 00:23:28,336 [Worker-59] INFO  o.e.m.c.i.embedder.EclipseLogger - skip non existing resourceDirectory /Users/tatianalukashuk/Workspace/CLO/Parse/src/main/resources
2017-08-31 00:23:28,340 [Worker-59] INFO  o.e.m.c.i.embedder.EclipseLogger - Using 'UTF-8' encoding to copy filtered resources.
2017-08-31 00:23:28,340 [Worker-59] INFO  o.e.m.c.i.embedder.EclipseLogger - skip non existing resourceDirectory /Users/tatianalukashuk/Workspace/CLO/Parse/src/test/resources
2017-08-31 00:24:45,367 [Worker-61] INFO  o.e.m.c.i.embedder.EclipseLogger - Using 'UTF-8' encoding to copy filtered resources.
2017-08-31 00:24:45,367 [Worker-61] INFO  o.e.m.c.i.embedder.EclipseLogger - skip non existing resourceDirectory /Users/tatianalukashuk/Workspace/CLO/Parse/src/main/resources
2017-08-31 00:24:45,368 [Worker-61] INFO  o.e.m.c.i.embedder.EclipseLogger - Using 'UTF-8' encoding to copy filtered resources.
2017-08-31 00:24:45,368 [Worker-61] INFO  o.e.m.c.i.embedder.EclipseLogger - skip non existing resourceDirectory /Users/tatianalukashuk/Workspace/CLO/Parse/src/test/resources
2017-08-31 00:26:08,580 [Worker-63] INFO  o.e.m.c.i.embedder.EclipseLogger - Using 'UTF-8' encoding to copy filtered resources.
2017-08-31 00:26:08,581 [Worker-63] INFO  o.e.m.c.i.embedder.EclipseLogger - skip non existing resourceDirectory /Users/tatianalukashuk/Workspace/CLO/Parse/src/main/resources
2017-08-31 00:26:08,582 [Worker-63] INFO  o.e.m.c.i.embedder.EclipseLogger - Using 'UTF-8' encoding to copy filtered resources.
2017-08-31 00:26:08,582 [Worker-63] INFO  o.e.m.c.i.embedder.EclipseLogger - skip non existing resourceDirectory /Users/tatianalukashuk/Workspace/CLO/Parse/src/test/resources
2017-08-31 00:35:31,549 [Worker-68] INFO  o.e.m.c.i.embedder.EclipseLogger - Using 'UTF-8' encoding to copy filtered resources.
2017-08-31 00:35:31,549 [Worker-68] INFO  o.e.m.c.i.embedder.EclipseLogger - skip non existing resourceDirectory /Users/tatianalukashuk/Workspace/CLO/Parse/src/main/resources
2017-08-31 00:35:31,550 [Worker-68] INFO  o.e.m.c.i.embedder.EclipseLogger - Using 'UTF-8' encoding to copy filtered resources.
2017-08-31 00:35:31,550 [Worker-68] INFO  o.e.m.c.i.embedder.EclipseLogger - skip non existing resourceDirectory /Users/tatianalukashuk/Workspace/CLO/Parse/src/test/resources
2017-08-31 00:36:35,161 [Worker-68] INFO  o.e.m.c.i.embedder.EclipseLogger - Using 'UTF-8' encoding to copy filtered resources.
2017-08-31 00:36:35,163 [Worker-68] INFO  o.e.m.c.i.embedder.EclipseLogger - skip non existing resourceDirectory /Users/tatianalukashuk/Workspace/CLO/Parse/src/main/resources
2017-08-31 00:36:35,167 [Worker-68] INFO  o.e.m.c.i.embedder.EclipseLogger - Using 'UTF-8' encoding to copy filtered resources.
2017-08-31 00:36:35,167 [Worker-68] INFO  o.e.m.c.i.embedder.EclipseLogger - skip non existing resourceDirectory /Users/tatianalukashuk/Workspace/CLO/Parse/src/test/resources
2017-08-31 00:37:01,318 [Worker-67] INFO  o.e.m.c.i.embedder.EclipseLogger - Using 'UTF-8' encoding to copy filtered resources.
2017-08-31 00:37:01,318 [Worker-67] INFO  o.e.m.c.i.embedder.EclipseLogger - skip non existing resourceDirectory /Users/tatianalukashuk/Workspace/CLO/Parse/src/main/resources
2017-08-31 00:37:01,319 [Worker-67] INFO  o.e.m.c.i.embedder.EclipseLogger - Using 'UTF-8' encoding to copy filtered resources.
2017-08-31 00:37:01,320 [Worker-67] INFO  o.e.m.c.i.embedder.EclipseLogger - skip non existing resourceDirectory /Users/tatianalukashuk/Workspace/CLO/Parse/src/test/resources
2017-08-31 00:37:55,838 [Worker-72] INFO  o.e.m.c.i.embedder.EclipseLogger - Using 'UTF-8' encoding to copy filtered resources.
2017-08-31 00:37:55,838 [Worker-72] INFO  o.e.m.c.i.embedder.EclipseLogger - skip non existing resourceDirectory /Users/tatianalukashuk/Workspace/CLO/Parse/src/main/resources
2017-08-31 00:37:55,839 [Worker-72] INFO  o.e.m.c.i.embedder.EclipseLogger - Using 'UTF-8' encoding to copy filtered resources.
2017-08-31 00:37:55,839 [Worker-72] INFO  o.e.m.c.i.embedder.EclipseLogger - skip non existing resourceDirectory /Users/tatianalukashuk/Workspace/CLO/Parse/src/test/resources
2017-08-31 00:39:48,659 [Worker-68] INFO  o.e.m.c.i.embedder.EclipseLogger - Using 'UTF-8' encoding to copy filtered resources.
2017-08-31 00:39:48,659 [Worker-68] INFO  o.e.m.c.i.embedder.EclipseLogger - skip non existing resourceDirectory /Users/tatianalukashuk/Workspace/CLO/Parse/src/main/resources
2017-08-31 00:39:48,660 [Worker-68] INFO  o.e.m.c.i.embedder.EclipseLogger - Using 'UTF-8' encoding to copy filtered resources.
2017-08-31 00:39:48,660 [Worker-68] INFO  o.e.m.c.i.embedder.EclipseLogger - skip non existing resourceDirectory /Users/tatianalukashuk/Workspace/CLO/Parse/src/test/resources
2017-08-31 00:40:30,608 [Worker-77] INFO  o.e.m.c.i.embedder.EclipseLogger - Using 'UTF-8' encoding to copy filtered resources.
2017-08-31 00:40:30,610 [Worker-77] INFO  o.e.m.c.i.embedder.EclipseLogger - skip non existing resourceDirectory /Users/tatianalukashuk/Workspace/CLO/Parse/src/main/resources
2017-08-31 00:40:30,611 [Worker-77] INFO  o.e.m.c.i.embedder.EclipseLogger - Using 'UTF-8' encoding to copy filtered resources.
2017-08-31 00:40:30,611 [Worker-77] INFO  o.e.m.c.i.embedder.EclipseLogger - skip non existing resourceDirectory /Users/tatianalukashuk/Workspace/CLO/Parse/src/test/resources
2017-08-31 00:41:23,245 [Worker-75] INFO  o.e.m.c.i.embedder.EclipseLogger - Using 'UTF-8' encoding to copy filtered resources.
2017-08-31 00:41:23,245 [Worker-75] INFO  o.e.m.c.i.embedder.EclipseLogger - skip non existing resourceDirectory /Users/tatianalukashuk/Workspace/CLO/Parse/src/main/resources
2017-08-31 00:41:23,246 [Worker-75] INFO  o.e.m.c.i.embedder.EclipseLogger - Using 'UTF-8' encoding to copy filtered resources.
2017-08-31 00:41:23,246 [Worker-75] INFO  o.e.m.c.i.embedder.EclipseLogger - skip non existing resourceDirectory /Users/tatianalukashuk/Workspace/CLO/Parse/src/test/resources
2017-08-31 00:41:57,202 [Worker-75] INFO  o.e.m.c.i.embedder.EclipseLogger - Using 'UTF-8' encoding to copy filtered resources.
2017-08-31 00:41:57,202 [Worker-75] INFO  o.e.m.c.i.embedder.EclipseLogger - skip non existing resourceDirectory /Users/tatianalukashuk/Workspace/CLO/Parse/src/main/resources
2017-08-31 00:41:57,203 [Worker-75] INFO  o.e.m.c.i.embedder.EclipseLogger - Using 'UTF-8' encoding to copy filtered resources.
2017-08-31 00:41:57,203 [Worker-75] INFO  o.e.m.c.i.embedder.EclipseLogger - skip non existing resourceDirectory /Users/tatianalukashuk/Workspace/CLO/Parse/src/test/resources
2017-08-31 00:43:02,837 [Worker-78] INFO  o.e.m.c.i.embedder.EclipseLogger - Using 'UTF-8' encoding to copy filtered resources.
2017-08-31 00:43:02,838 [Worker-78] INFO  o.e.m.c.i.embedder.EclipseLogger - skip non existing resourceDirectory /Users/tatianalukashuk/Workspace/CLO/Parse/src/main/resources
2017-08-31 00:43:02,839 [Worker-78] INFO  o.e.m.c.i.embedder.EclipseLogger - Using 'UTF-8' encoding to copy filtered resources.
2017-08-31 00:43:02,839 [Worker-78] INFO  o.e.m.c.i.embedder.EclipseLogger - skip non existing resourceDirectory /Users/tatianalukashuk/Workspace/CLO/Parse/src/test/resources
2017-08-31 00:44:17,306 [Worker-78] INFO  o.e.m.c.i.embedder.EclipseLogger - Using 'UTF-8' encoding to copy filtered resources.
2017-08-31 00:44:17,307 [Worker-78] INFO  o.e.m.c.i.embedder.EclipseLogger - skip non existing resourceDirectory /Users/tatianalukashuk/Workspace/CLO/Parse/src/main/resources
2017-08-31 00:44:17,308 [Worker-78] INFO  o.e.m.c.i.embedder.EclipseLogger - Using 'UTF-8' encoding to copy filtered resources.
2017-08-31 00:44:17,308 [Worker-78] INFO  o.e.m.c.i.embedder.EclipseLogger - skip non existing resourceDirectory /Users/tatianalukashuk/Workspace/CLO/Parse/src/test/resources
2017-08-31 00:45:00,262 [Worker-78] INFO  o.e.m.c.i.embedder.EclipseLogger - Using 'UTF-8' encoding to copy filtered resources.
2017-08-31 00:45:00,263 [Worker-78] INFO  o.e.m.c.i.embedder.EclipseLogger - skip non existing resourceDirectory /Users/tatianalukashuk/Workspace/CLO/Parse/src/main/resources
2017-08-31 00:45:00,263 [Worker-78] INFO  o.e.m.c.i.embedder.EclipseLogger - Using 'UTF-8' encoding to copy filtered resources.
2017-08-31 00:45:00,263 [Worker-78] INFO  o.e.m.c.i.embedder.EclipseLogger - skip non existing resourceDirectory /Users/tatianalukashuk/Workspace/CLO/Parse/src/test/resources
2017-08-31 00:46:15,953 [Worker-76] INFO  o.e.m.c.i.embedder.EclipseLogger - Using 'UTF-8' encoding to copy filtered resources.
2017-08-31 00:46:15,953 [Worker-76] INFO  o.e.m.c.i.embedder.EclipseLogger - skip non existing resourceDirectory /Users/tatianalukashuk/Workspace/CLO/Parse/src/main/resources
2017-08-31 00:46:15,954 [Worker-76] INFO  o.e.m.c.i.embedder.EclipseLogger - Using 'UTF-8' encoding to copy filtered resources.
2017-08-31 00:46:15,954 [Worker-76] INFO  o.e.m.c.i.embedder.EclipseLogger - skip non existing resourceDirectory /Users/tatianalukashuk/Workspace/CLO/Parse/src/test/resources
2017-08-31 00:46:45,949 [Worker-68] INFO  o.e.m.c.i.embedder.EclipseLogger - Using 'UTF-8' encoding to copy filtered resources.
2017-08-31 00:46:45,949 [Worker-68] INFO  o.e.m.c.i.embedder.EclipseLogger - skip non existing resourceDirectory /Users/tatianalukashuk/Workspace/CLO/Parse/src/main/resources
2017-08-31 00:46:45,950 [Worker-68] INFO  o.e.m.c.i.embedder.EclipseLogger - Using 'UTF-8' encoding to copy filtered resources.
2017-08-31 00:46:45,951 [Worker-68] INFO  o.e.m.c.i.embedder.EclipseLogger - skip non existing resourceDirectory /Users/tatianalukashuk/Workspace/CLO/Parse/src/test/resources
2017-08-31 00:47:09,669 [Worker-78] INFO  o.e.m.c.i.embedder.EclipseLogger - Using 'UTF-8' encoding to copy filtered resources.
2017-08-31 00:47:09,669 [Worker-78] INFO  o.e.m.c.i.embedder.EclipseLogger - skip non existing resourceDirectory /Users/tatianalukashuk/Workspace/CLO/Parse/src/main/resources
2017-08-31 00:47:09,670 [Worker-78] INFO  o.e.m.c.i.embedder.EclipseLogger - Using 'UTF-8' encoding to copy filtered resources.
2017-08-31 00:47:09,670 [Worker-78] INFO  o.e.m.c.i.embedder.EclipseLogger - skip non existing resourceDirectory /Users/tatianalukashuk/Workspace/CLO/Parse/src/test/resources
2017-08-31 00:47:41,326 [Worker-79] INFO  o.e.m.c.i.embedder.EclipseLogger - Using 'UTF-8' encoding to copy filtered resources.
2017-08-31 00:47:41,326 [Worker-79] INFO  o.e.m.c.i.embedder.EclipseLogger - skip non existing resourceDirectory /Users/tatianalukashuk/Workspace/CLO/Parse/src/main/resources
2017-08-31 00:47:41,327 [Worker-79] INFO  o.e.m.c.i.embedder.EclipseLogger - Using 'UTF-8' encoding to copy filtered resources.
2017-08-31 00:47:41,327 [Worker-79] INFO  o.e.m.c.i.embedder.EclipseLogger - skip non existing resourceDirectory /Users/tatianalukashuk/Workspace/CLO/Parse/src/test/resources
2017-08-31 00:48:08,302 [Worker-77] INFO  o.e.m.c.i.embedder.EclipseLogger - Using 'UTF-8' encoding to copy filtered resources.
2017-08-31 00:48:08,302 [Worker-77] INFO  o.e.m.c.i.embedder.EclipseLogger - skip non existing resourceDirectory /Users/tatianalukashuk/Workspace/CLO/Parse/src/main/resources
2017-08-31 00:48:08,303 [Worker-77] INFO  o.e.m.c.i.embedder.EclipseLogger - Using 'UTF-8' encoding to copy filtered resources.
2017-08-31 00:48:08,303 [Worker-77] INFO  o.e.m.c.i.embedder.EclipseLogger - skip non existing resourceDirectory /Users/tatianalukashuk/Workspace/CLO/Parse/src/test/resources
2017-08-31 00:48:38,667 [Worker-77] INFO  o.e.m.c.i.embedder.EclipseLogger - Using 'UTF-8' encoding to copy filtered resources.
2017-08-31 00:48:38,667 [Worker-77] INFO  o.e.m.c.i.embedder.EclipseLogger - skip non existing resourceDirectory /Users/tatianalukashuk/Workspace/CLO/Parse/src/main/resources
2017-08-31 00:48:38,669 [Worker-77] INFO  o.e.m.c.i.embedder.EclipseLogger - Using 'UTF-8' encoding to copy filtered resources.
2017-08-31 00:48:38,669 [Worker-77] INFO  o.e.m.c.i.embedder.EclipseLogger - skip non existing resourceDirectory /Users/tatianalukashuk/Workspace/CLO/Parse/src/test/resources
2017-08-31 00:49:34,521 [Worker-80] INFO  o.e.m.c.i.embedder.EclipseLogger - Using 'UTF-8' encoding to copy filtered resources.
2017-08-31 00:49:34,521 [Worker-80] INFO  o.e.m.c.i.embedder.EclipseLogger - skip non existing resourceDirectory /Users/tatianalukashuk/Workspace/CLO/Parse/src/main/resources
2017-08-31 00:49:34,522 [Worker-80] INFO  o.e.m.c.i.embedder.EclipseLogger - Using 'UTF-8' encoding to copy filtered resources.
2017-08-31 00:49:34,522 [Worker-80] INFO  o.e.m.c.i.embedder.EclipseLogger - skip non existing resourceDirectory /Users/tatianalukashuk/Workspace/CLO/Parse/src/test/resources
2017-08-31 00:50:30,226 [Worker-68] INFO  o.e.m.c.i.embedder.EclipseLogger - Using 'UTF-8' encoding to copy filtered resources.
2017-08-31 00:50:30,226 [Worker-68] INFO  o.e.m.c.i.embedder.EclipseLogger - skip non existing resourceDirectory /Users/tatianalukashuk/Workspace/CLO/Parse/src/main/resources
2017-08-31 00:50:30,228 [Worker-68] INFO  o.e.m.c.i.embedder.EclipseLogger - Using 'UTF-8' encoding to copy filtered resources.
2017-08-31 00:50:30,228 [Worker-68] INFO  o.e.m.c.i.embedder.EclipseLogger - skip non existing resourceDirectory /Users/tatianalukashuk/Workspace/CLO/Parse/src/test/resources
2017-08-31 00:50:58,635 [Worker-77] INFO  o.e.m.c.i.embedder.EclipseLogger - Using 'UTF-8' encoding to copy filtered resources.
2017-08-31 00:50:58,635 [Worker-77] INFO  o.e.m.c.i.embedder.EclipseLogger - skip non existing resourceDirectory /Users/tatianalukashuk/Workspace/CLO/Parse/src/main/resources
2017-08-31 00:50:58,636 [Worker-77] INFO  o.e.m.c.i.embedder.EclipseLogger - Using 'UTF-8' encoding to copy filtered resources.
2017-08-31 00:50:58,636 [Worker-77] INFO  o.e.m.c.i.embedder.EclipseLogger - skip non existing resourceDirectory /Users/tatianalukashuk/Workspace/CLO/Parse/src/test/resources
2017-08-31 00:51:10,449 [Worker-76] INFO  o.e.m.c.i.embedder.EclipseLogger - Using 'UTF-8' encoding to copy filtered resources.
2017-08-31 00:51:10,449 [Worker-76] INFO  o.e.m.c.i.embedder.EclipseLogger - skip non existing resourceDirectory /Users/tatianalukashuk/Workspace/CLO/Parse/src/main/resources
2017-08-31 00:51:10,450 [Worker-76] INFO  o.e.m.c.i.embedder.EclipseLogger - Using 'UTF-8' encoding to copy filtered resources.
2017-08-31 00:51:10,450 [Worker-76] INFO  o.e.m.c.i.embedder.EclipseLogger - skip non existing resourceDirectory /Users/tatianalukashuk/Workspace/CLO/Parse/src/test/resources
2017-08-31 00:53:02,828 [Worker-78] INFO  o.e.m.c.i.embedder.EclipseLogger - Using 'UTF-8' encoding to copy filtered resources.
2017-08-31 00:53:02,828 [Worker-78] INFO  o.e.m.c.i.embedder.EclipseLogger - skip non existing resourceDirectory /Users/tatianalukashuk/Workspace/CLO/Parse/src/main/resources
2017-08-31 00:53:02,829 [Worker-78] INFO  o.e.m.c.i.embedder.EclipseLogger - Using 'UTF-8' encoding to copy filtered resources.
2017-08-31 00:53:02,829 [Worker-78] INFO  o.e.m.c.i.embedder.EclipseLogger - skip non existing resourceDirectory /Users/tatianalukashuk/Workspace/CLO/Parse/src/test/resources
2017-08-31 00:53:29,629 [Worker-76] INFO  o.e.m.c.i.embedder.EclipseLogger - Using 'UTF-8' encoding to copy filtered resources.
2017-08-31 00:53:29,629 [Worker-76] INFO  o.e.m.c.i.embedder.EclipseLogger - skip non existing resourceDirectory /Users/tatianalukashuk/Workspace/CLO/Parse/src/main/resources
2017-08-31 00:53:29,630 [Worker-76] INFO  o.e.m.c.i.embedder.EclipseLogger - Using 'UTF-8' encoding to copy filtered resources.
2017-08-31 00:53:29,630 [Worker-76] INFO  o.e.m.c.i.embedder.EclipseLogger - skip non existing resourceDirectory /Users/tatianalukashuk/Workspace/CLO/Parse/src/test/resources
2017-08-31 00:54:35,217 [Worker-76] INFO  o.e.m.c.i.embedder.EclipseLogger - Using 'UTF-8' encoding to copy filtered resources.
2017-08-31 00:54:35,217 [Worker-76] INFO  o.e.m.c.i.embedder.EclipseLogger - skip non existing resourceDirectory /Users/tatianalukashuk/Workspace/CLO/Parse/src/main/resources
2017-08-31 00:54:35,218 [Worker-76] INFO  o.e.m.c.i.embedder.EclipseLogger - Using 'UTF-8' encoding to copy filtered resources.
2017-08-31 00:54:35,218 [Worker-76] INFO  o.e.m.c.i.embedder.EclipseLogger - skip non existing resourceDirectory /Users/tatianalukashuk/Workspace/CLO/Parse/src/test/resources
2017-08-31 00:56:17,331 [Worker-75] INFO  o.e.m.c.i.embedder.EclipseLogger - Using 'UTF-8' encoding to copy filtered resources.
2017-08-31 00:56:17,331 [Worker-75] INFO  o.e.m.c.i.embedder.EclipseLogger - skip non existing resourceDirectory /Users/tatianalukashuk/Workspace/CLO/Parse/src/main/resources
2017-08-31 00:56:17,332 [Worker-75] INFO  o.e.m.c.i.embedder.EclipseLogger - Using 'UTF-8' encoding to copy filtered resources.
2017-08-31 00:56:17,332 [Worker-75] INFO  o.e.m.c.i.embedder.EclipseLogger - skip non existing resourceDirectory /Users/tatianalukashuk/Workspace/CLO/Parse/src/test/resources
2017-08-31 00:59:37,958 [Worker-71] INFO  o.e.m.c.i.embedder.EclipseLogger - Using 'UTF-8' encoding to copy filtered resources.
2017-08-31 00:59:37,959 [Worker-71] INFO  o.e.m.c.i.embedder.EclipseLogger - skip non existing resourceDirectory /Users/tatianalukashuk/Workspace/CLO/Parse/src/main/resources
2017-08-31 00:59:37,960 [Worker-71] INFO  o.e.m.c.i.embedder.EclipseLogger - Using 'UTF-8' encoding to copy filtered resources.
2017-08-31 00:59:37,960 [Worker-71] INFO  o.e.m.c.i.embedder.EclipseLogger - skip non existing resourceDirectory /Users/tatianalukashuk/Workspace/CLO/Parse/src/test/resources
2017-08-31 01:00:21,237 [Worker-79] INFO  o.e.m.c.i.embedder.EclipseLogger - Using 'UTF-8' encoding to copy filtered resources.
2017-08-31 01:00:21,238 [Worker-79] INFO  o.e.m.c.i.embedder.EclipseLogger - skip non existing resourceDirectory /Users/tatianalukashuk/Workspace/CLO/Parse/src/main/resources
2017-08-31 01:00:21,239 [Worker-79] INFO  o.e.m.c.i.embedder.EclipseLogger - Using 'UTF-8' encoding to copy filtered resources.
2017-08-31 01:00:21,239 [Worker-79] INFO  o.e.m.c.i.embedder.EclipseLogger - skip non existing resourceDirectory /Users/tatianalukashuk/Workspace/CLO/Parse/src/test/resources
2017-08-31 01:01:11,871 [Worker-79] INFO  o.e.m.c.i.embedder.EclipseLogger - Using 'UTF-8' encoding to copy filtered resources.
2017-08-31 01:01:11,871 [Worker-79] INFO  o.e.m.c.i.embedder.EclipseLogger - skip non existing resourceDirectory /Users/tatianalukashuk/Workspace/CLO/Parse/src/main/resources
2017-08-31 01:01:11,872 [Worker-79] INFO  o.e.m.c.i.embedder.EclipseLogger - Using 'UTF-8' encoding to copy filtered resources.
2017-08-31 01:01:11,872 [Worker-79] INFO  o.e.m.c.i.embedder.EclipseLogger - skip non existing resourceDirectory /Users/tatianalukashuk/Workspace/CLO/Parse/src/test/resources
2017-08-31 01:04:20,295 [Worker-85] INFO  o.e.m.c.i.embedder.EclipseLogger - Using 'UTF-8' encoding to copy filtered resources.
2017-08-31 01:04:20,295 [Worker-85] INFO  o.e.m.c.i.embedder.EclipseLogger - skip non existing resourceDirectory /Users/tatianalukashuk/Workspace/CLO/Parse/src/main/resources
2017-08-31 01:04:20,296 [Worker-85] INFO  o.e.m.c.i.embedder.EclipseLogger - Using 'UTF-8' encoding to copy filtered resources.
2017-08-31 01:04:20,296 [Worker-85] INFO  o.e.m.c.i.embedder.EclipseLogger - skip non existing resourceDirectory /Users/tatianalukashuk/Workspace/CLO/Parse/src/test/resources
2017-08-31 01:04:41,221 [Worker-87] INFO  o.e.m.c.i.embedder.EclipseLogger - Using 'UTF-8' encoding to copy filtered resources.
2017-08-31 01:04:41,221 [Worker-87] INFO  o.e.m.c.i.embedder.EclipseLogger - skip non existing resourceDirectory /Users/tatianalukashuk/Workspace/CLO/Parse/src/main/resources
2017-08-31 01:04:41,222 [Worker-87] INFO  o.e.m.c.i.embedder.EclipseLogger - Using 'UTF-8' encoding to copy filtered resources.
2017-08-31 01:04:41,222 [Worker-87] INFO  o.e.m.c.i.embedder.EclipseLogger - skip non existing resourceDirectory /Users/tatianalukashuk/Workspace/CLO/Parse/src/test/resources
2017-08-31 01:05:40,742 [Worker-89] INFO  o.e.m.c.i.embedder.EclipseLogger - Using 'UTF-8' encoding to copy filtered resources.
2017-08-31 01:05:40,742 [Worker-89] INFO  o.e.m.c.i.embedder.EclipseLogger - skip non existing resourceDirectory /Users/tatianalukashuk/Workspace/CLO/Parse/src/main/resources
2017-08-31 01:05:40,743 [Worker-89] INFO  o.e.m.c.i.embedder.EclipseLogger - Using 'UTF-8' encoding to copy filtered resources.
2017-08-31 01:05:40,743 [Worker-89] INFO  o.e.m.c.i.embedder.EclipseLogger - skip non existing resourceDirectory /Users/tatianalukashuk/Workspace/CLO/Parse/src/test/resources
2017-08-31 01:06:00,177 [Worker-90] INFO  o.e.m.c.i.embedder.EclipseLogger - Using 'UTF-8' encoding to copy filtered resources.
2017-08-31 01:06:00,177 [Worker-90] INFO  o.e.m.c.i.embedder.EclipseLogger - skip non existing resourceDirectory /Users/tatianalukashuk/Workspace/CLO/Parse/src/main/resources
2017-08-31 01:06:00,178 [Worker-90] INFO  o.e.m.c.i.embedder.EclipseLogger - Using 'UTF-8' encoding to copy filtered resources.
2017-08-31 01:06:00,178 [Worker-90] INFO  o.e.m.c.i.embedder.EclipseLogger - skip non existing resourceDirectory /Users/tatianalukashuk/Workspace/CLO/Parse/src/test/resources
2017-08-31 01:06:35,454 [Worker-88] INFO  o.e.m.c.i.embedder.EclipseLogger - Using 'UTF-8' encoding to copy filtered resources.
2017-08-31 01:06:35,454 [Worker-88] INFO  o.e.m.c.i.embedder.EclipseLogger - skip non existing resourceDirectory /Users/tatianalukashuk/Workspace/CLO/Parse/src/main/resources
2017-08-31 01:06:35,455 [Worker-88] INFO  o.e.m.c.i.embedder.EclipseLogger - Using 'UTF-8' encoding to copy filtered resources.
2017-08-31 01:06:35,455 [Worker-88] INFO  o.e.m.c.i.embedder.EclipseLogger - skip non existing resourceDirectory /Users/tatianalukashuk/Workspace/CLO/Parse/src/test/resources
2017-08-31 01:07:24,031 [Worker-79] INFO  o.e.m.c.i.embedder.EclipseLogger - Using 'UTF-8' encoding to copy filtered resources.
2017-08-31 01:07:24,032 [Worker-79] INFO  o.e.m.c.i.embedder.EclipseLogger - skip non existing resourceDirectory /Users/tatianalukashuk/Workspace/CLO/Parse/src/main/resources
2017-08-31 01:07:24,033 [Worker-79] INFO  o.e.m.c.i.embedder.EclipseLogger - Using 'UTF-8' encoding to copy filtered resources.
2017-08-31 01:07:24,033 [Worker-79] INFO  o.e.m.c.i.embedder.EclipseLogger - skip non existing resourceDirectory /Users/tatianalukashuk/Workspace/CLO/Parse/src/test/resources
2017-08-31 01:08:18,643 [Worker-89] INFO  o.e.m.c.i.embedder.EclipseLogger - Using 'UTF-8' encoding to copy filtered resources.
2017-08-31 01:08:18,643 [Worker-89] INFO  o.e.m.c.i.embedder.EclipseLogger - skip non existing resourceDirectory /Users/tatianalukashuk/Workspace/CLO/Parse/src/main/resources
2017-08-31 01:08:18,644 [Worker-89] INFO  o.e.m.c.i.embedder.EclipseLogger - Using 'UTF-8' encoding to copy filtered resources.
2017-08-31 01:08:18,644 [Worker-89] INFO  o.e.m.c.i.embedder.EclipseLogger - skip non existing resourceDirectory /Users/tatianalukashuk/Workspace/CLO/Parse/src/test/resources
2017-08-31 01:08:29,789 [Worker-90] INFO  o.e.m.c.i.embedder.EclipseLogger - Using 'UTF-8' encoding to copy filtered resources.
2017-08-31 01:08:29,789 [Worker-90] INFO  o.e.m.c.i.embedder.EclipseLogger - skip non existing resourceDirectory /Users/tatianalukashuk/Workspace/CLO/Parse/src/main/resources
2017-08-31 01:08:29,790 [Worker-90] INFO  o.e.m.c.i.embedder.EclipseLogger - Using 'UTF-8' encoding to copy filtered resources.
2017-08-31 01:08:29,790 [Worker-90] INFO  o.e.m.c.i.embedder.EclipseLogger - skip non existing resourceDirectory /Users/tatianalukashuk/Workspace/CLO/Parse/src/test/resources
2017-08-31 01:08:54,602 [Worker-90] INFO  o.e.m.c.i.embedder.EclipseLogger - Using 'UTF-8' encoding to copy filtered resources.
2017-08-31 01:08:54,602 [Worker-90] INFO  o.e.m.c.i.embedder.EclipseLogger - skip non existing resourceDirectory /Users/tatianalukashuk/Workspace/CLO/Parse/src/main/resources
2017-08-31 01:08:54,603 [Worker-90] INFO  o.e.m.c.i.embedder.EclipseLogger - Using 'UTF-8' encoding to copy filtered resources.
2017-08-31 01:08:54,603 [Worker-90] INFO  o.e.m.c.i.embedder.EclipseLogger - skip non existing resourceDirectory /Users/tatianalukashuk/Workspace/CLO/Parse/src/test/resources
2017-08-31 01:09:21,798 [Worker-71] INFO  o.e.m.c.i.embedder.EclipseLogger - Using 'UTF-8' encoding to copy filtered resources.
2017-08-31 01:09:21,799 [Worker-71] INFO  o.e.m.c.i.embedder.EclipseLogger - skip non existing resourceDirectory /Users/tatianalukashuk/Workspace/CLO/Parse/src/main/resources
2017-08-31 01:09:21,799 [Worker-71] INFO  o.e.m.c.i.embedder.EclipseLogger - Using 'UTF-8' encoding to copy filtered resources.
2017-08-31 01:09:21,799 [Worker-71] INFO  o.e.m.c.i.embedder.EclipseLogger - skip non existing resourceDirectory /Users/tatianalukashuk/Workspace/CLO/Parse/src/test/resources
2017-08-31 01:09:31,799 [Worker-71] INFO  o.e.m.c.i.embedder.EclipseLogger - Using 'UTF-8' encoding to copy filtered resources.
2017-08-31 01:09:31,799 [Worker-71] INFO  o.e.m.c.i.embedder.EclipseLogger - skip non existing resourceDirectory /Users/tatianalukashuk/Workspace/CLO/Parse/src/main/resources
2017-08-31 01:09:31,800 [Worker-71] INFO  o.e.m.c.i.embedder.EclipseLogger - Using 'UTF-8' encoding to copy filtered resources.
2017-08-31 01:09:31,800 [Worker-71] INFO  o.e.m.c.i.embedder.EclipseLogger - skip non existing resourceDirectory /Users/tatianalukashuk/Workspace/CLO/Parse/src/test/resources
2017-08-31 01:09:58,967 [Worker-79] INFO  o.e.m.c.i.embedder.EclipseLogger - Using 'UTF-8' encoding to copy filtered resources.
2017-08-31 01:09:58,967 [Worker-79] INFO  o.e.m.c.i.embedder.EclipseLogger - skip non existing resourceDirectory /Users/tatianalukashuk/Workspace/CLO/Parse/src/main/resources
2017-08-31 01:09:58,968 [Worker-79] INFO  o.e.m.c.i.embedder.EclipseLogger - Using 'UTF-8' encoding to copy filtered resources.
2017-08-31 01:09:58,969 [Worker-79] INFO  o.e.m.c.i.embedder.EclipseLogger - skip non existing resourceDirectory /Users/tatianalukashuk/Workspace/CLO/Parse/src/test/resources
2017-08-31 01:10:40,625 [Worker-85] INFO  o.e.m.c.i.embedder.EclipseLogger - Using 'UTF-8' encoding to copy filtered resources.
2017-08-31 01:10:40,625 [Worker-85] INFO  o.e.m.c.i.embedder.EclipseLogger - skip non existing resourceDirectory /Users/tatianalukashuk/Workspace/CLO/Parse/src/main/resources
2017-08-31 01:10:40,626 [Worker-85] INFO  o.e.m.c.i.embedder.EclipseLogger - Using 'UTF-8' encoding to copy filtered resources.
2017-08-31 01:10:40,627 [Worker-85] INFO  o.e.m.c.i.embedder.EclipseLogger - skip non existing resourceDirectory /Users/tatianalukashuk/Workspace/CLO/Parse/src/test/resources
2017-08-31 01:12:53,308 [Worker-89] INFO  o.e.m.c.i.embedder.EclipseLogger - Using 'UTF-8' encoding to copy filtered resources.
2017-08-31 01:12:53,308 [Worker-89] INFO  o.e.m.c.i.embedder.EclipseLogger - skip non existing resourceDirectory /Users/tatianalukashuk/Workspace/CLO/Parse/src/main/resources
2017-08-31 01:12:53,309 [Worker-89] INFO  o.e.m.c.i.embedder.EclipseLogger - Using 'UTF-8' encoding to copy filtered resources.
2017-08-31 01:12:53,310 [Worker-89] INFO  o.e.m.c.i.embedder.EclipseLogger - skip non existing resourceDirectory /Users/tatianalukashuk/Workspace/CLO/Parse/src/test/resources
2017-08-31 01:14:00,914 [Worker-79] INFO  o.e.m.c.i.embedder.EclipseLogger - Using 'UTF-8' encoding to copy filtered resources.
2017-08-31 01:14:00,914 [Worker-79] INFO  o.e.m.c.i.embedder.EclipseLogger - skip non existing resourceDirectory /Users/tatianalukashuk/Workspace/CLO/Parse/src/main/resources
2017-08-31 01:14:00,915 [Worker-79] INFO  o.e.m.c.i.embedder.EclipseLogger - Using 'UTF-8' encoding to copy filtered resources.
2017-08-31 01:14:00,915 [Worker-79] INFO  o.e.m.c.i.embedder.EclipseLogger - skip non existing resourceDirectory /Users/tatianalukashuk/Workspace/CLO/Parse/src/test/resources
2017-08-31 01:15:17,447 [Worker-88] INFO  o.e.m.c.i.embedder.EclipseLogger - Using 'UTF-8' encoding to copy filtered resources.
2017-08-31 01:15:17,447 [Worker-88] INFO  o.e.m.c.i.embedder.EclipseLogger - skip non existing resourceDirectory /Users/tatianalukashuk/Workspace/CLO/Parse/src/main/resources
2017-08-31 01:15:17,448 [Worker-88] INFO  o.e.m.c.i.embedder.EclipseLogger - Using 'UTF-8' encoding to copy filtered resources.
2017-08-31 01:15:17,448 [Worker-88] INFO  o.e.m.c.i.embedder.EclipseLogger - skip non existing resourceDirectory /Users/tatianalukashuk/Workspace/CLO/Parse/src/test/resources
2017-08-31 01:19:13,464 [Worker-91] INFO  o.e.m.c.i.embedder.EclipseLogger - Using 'UTF-8' encoding to copy filtered resources.
2017-08-31 01:19:13,465 [Worker-91] INFO  o.e.m.c.i.embedder.EclipseLogger - skip non existing resourceDirectory /Users/tatianalukashuk/Workspace/CLO/Parse/src/main/resources
2017-08-31 01:19:13,468 [Worker-91] INFO  o.e.m.c.i.embedder.EclipseLogger - Using 'UTF-8' encoding to copy filtered resources.
2017-08-31 01:19:13,468 [Worker-91] INFO  o.e.m.c.i.embedder.EclipseLogger - skip non existing resourceDirectory /Users/tatianalukashuk/Workspace/CLO/Parse/src/test/resources
2017-08-31 01:20:51,619 [Worker-92] INFO  o.e.m.c.i.embedder.EclipseLogger - Using 'UTF-8' encoding to copy filtered resources.
2017-08-31 01:20:51,619 [Worker-92] INFO  o.e.m.c.i.embedder.EclipseLogger - skip non existing resourceDirectory /Users/tatianalukashuk/Workspace/CLO/Parse/src/main/resources
2017-08-31 01:20:51,620 [Worker-92] INFO  o.e.m.c.i.embedder.EclipseLogger - Using 'UTF-8' encoding to copy filtered resources.
2017-08-31 01:20:51,620 [Worker-92] INFO  o.e.m.c.i.embedder.EclipseLogger - skip non existing resourceDirectory /Users/tatianalukashuk/Workspace/CLO/Parse/src/test/resources
2017-08-31 01:21:21,243 [Worker-97] INFO  o.e.m.c.i.embedder.EclipseLogger - Using 'UTF-8' encoding to copy filtered resources.
2017-08-31 01:21:21,243 [Worker-97] INFO  o.e.m.c.i.embedder.EclipseLogger - skip non existing resourceDirectory /Users/tatianalukashuk/Workspace/CLO/Parse/src/main/resources
2017-08-31 01:21:21,244 [Worker-97] INFO  o.e.m.c.i.embedder.EclipseLogger - Using 'UTF-8' encoding to copy filtered resources.
2017-08-31 01:21:21,244 [Worker-97] INFO  o.e.m.c.i.embedder.EclipseLogger - skip non existing resourceDirectory /Users/tatianalukashuk/Workspace/CLO/Parse/src/test/resources
2017-08-31 01:24:23,591 [Worker-95] INFO  o.e.m.c.i.embedder.EclipseLogger - Using 'UTF-8' encoding to copy filtered resources.
2017-08-31 01:24:23,591 [Worker-95] INFO  o.e.m.c.i.embedder.EclipseLogger - skip non existing resourceDirectory /Users/tatianalukashuk/Workspace/CLO/Parse/src/main/resources
2017-08-31 01:24:23,591 [Worker-95] INFO  o.e.m.c.i.embedder.EclipseLogger - Using 'UTF-8' encoding to copy filtered resources.
2017-08-31 01:24:23,592 [Worker-95] INFO  o.e.m.c.i.embedder.EclipseLogger - skip non existing resourceDirectory /Users/tatianalukashuk/Workspace/CLO/Parse/src/test/resources
2017-08-31 01:27:35,346 [Worker-100] INFO  o.e.m.c.i.embedder.EclipseLogger - Using 'UTF-8' encoding to copy filtered resources.
2017-08-31 01:27:35,346 [Worker-100] INFO  o.e.m.c.i.embedder.EclipseLogger - skip non existing resourceDirectory /Users/tatianalukashuk/Workspace/CLO/Parse/src/main/resources
2017-08-31 01:27:35,347 [Worker-100] INFO  o.e.m.c.i.embedder.EclipseLogger - Using 'UTF-8' encoding to copy filtered resources.
2017-08-31 01:27:35,347 [Worker-100] INFO  o.e.m.c.i.embedder.EclipseLogger - skip non existing resourceDirectory /Users/tatianalukashuk/Workspace/CLO/Parse/src/test/resources
2017-08-31 01:34:11,640 [Worker-105] INFO  o.e.m.c.i.embedder.EclipseLogger - Using 'UTF-8' encoding to copy filtered resources.
2017-08-31 01:34:11,640 [Worker-105] INFO  o.e.m.c.i.embedder.EclipseLogger - skip non existing resourceDirectory /Users/tatianalukashuk/Workspace/CLO/Parse/src/main/resources
2017-08-31 01:34:11,641 [Worker-105] INFO  o.e.m.c.i.embedder.EclipseLogger - Using 'UTF-8' encoding to copy filtered resources.
2017-08-31 01:34:11,641 [Worker-105] INFO  o.e.m.c.i.embedder.EclipseLogger - skip non existing resourceDirectory /Users/tatianalukashuk/Workspace/CLO/Parse/src/test/resources
2017-08-31 01:34:38,166 [Worker-108] INFO  o.e.m.c.i.embedder.EclipseLogger - Using 'UTF-8' encoding to copy filtered resources.
2017-08-31 01:34:38,167 [Worker-108] INFO  o.e.m.c.i.embedder.EclipseLogger - skip non existing resourceDirectory /Users/tatianalukashuk/Workspace/CLO/Parse/src/main/resources
2017-08-31 01:34:38,168 [Worker-108] INFO  o.e.m.c.i.embedder.EclipseLogger - Using 'UTF-8' encoding to copy filtered resources.
2017-08-31 01:34:38,168 [Worker-108] INFO  o.e.m.c.i.embedder.EclipseLogger - skip non existing resourceDirectory /Users/tatianalukashuk/Workspace/CLO/Parse/src/test/resources
2017-08-31 01:36:02,918 [Worker-109] INFO  o.e.m.c.i.embedder.EclipseLogger - Using 'UTF-8' encoding to copy filtered resources.
2017-08-31 01:36:02,918 [Worker-109] INFO  o.e.m.c.i.embedder.EclipseLogger - skip non existing resourceDirectory /Users/tatianalukashuk/Workspace/CLO/Parse/src/main/resources
2017-08-31 01:36:02,919 [Worker-109] INFO  o.e.m.c.i.embedder.EclipseLogger - Using 'UTF-8' encoding to copy filtered resources.
2017-08-31 01:36:02,919 [Worker-109] INFO  o.e.m.c.i.embedder.EclipseLogger - skip non existing resourceDirectory /Users/tatianalukashuk/Workspace/CLO/Parse/src/test/resources
2017-08-31 01:37:10,018 [Worker-105] INFO  o.e.m.c.i.embedder.EclipseLogger - Using 'UTF-8' encoding to copy filtered resources.
2017-08-31 01:37:10,018 [Worker-105] INFO  o.e.m.c.i.embedder.EclipseLogger - skip non existing resourceDirectory /Users/tatianalukashuk/Workspace/CLO/Parse/src/main/resources
2017-08-31 01:37:10,019 [Worker-105] INFO  o.e.m.c.i.embedder.EclipseLogger - Using 'UTF-8' encoding to copy filtered resources.
2017-08-31 01:37:10,019 [Worker-105] INFO  o.e.m.c.i.embedder.EclipseLogger - skip non existing resourceDirectory /Users/tatianalukashuk/Workspace/CLO/Parse/src/test/resources
2017-08-31 01:37:22,493 [Worker-99] INFO  o.e.m.c.i.embedder.EclipseLogger - Using 'UTF-8' encoding to copy filtered resources.
2017-08-31 01:37:22,493 [Worker-99] INFO  o.e.m.c.i.embedder.EclipseLogger - skip non existing resourceDirectory /Users/tatianalukashuk/Workspace/CLO/Parse/src/main/resources
2017-08-31 01:37:22,494 [Worker-99] INFO  o.e.m.c.i.embedder.EclipseLogger - Using 'UTF-8' encoding to copy filtered resources.
2017-08-31 01:37:22,494 [Worker-99] INFO  o.e.m.c.i.embedder.EclipseLogger - skip non existing resourceDirectory /Users/tatianalukashuk/Workspace/CLO/Parse/src/test/resources
2017-08-31 01:38:48,270 [Worker-107] INFO  o.e.m.c.i.embedder.EclipseLogger - Using 'UTF-8' encoding to copy filtered resources.
2017-08-31 01:38:48,270 [Worker-107] INFO  o.e.m.c.i.embedder.EclipseLogger - skip non existing resourceDirectory /Users/tatianalukashuk/Workspace/CLO/Parse/src/main/resources
2017-08-31 01:38:48,271 [Worker-107] INFO  o.e.m.c.i.embedder.EclipseLogger - Using 'UTF-8' encoding to copy filtered resources.
2017-08-31 01:38:48,271 [Worker-107] INFO  o.e.m.c.i.embedder.EclipseLogger - skip non existing resourceDirectory /Users/tatianalukashuk/Workspace/CLO/Parse/src/test/resources
2017-08-31 01:40:40,506 [Worker-105] INFO  o.e.m.c.i.embedder.EclipseLogger - Using 'UTF-8' encoding to copy filtered resources.
2017-08-31 01:40:40,506 [Worker-105] INFO  o.e.m.c.i.embedder.EclipseLogger - skip non existing resourceDirectory /Users/tatianalukashuk/Workspace/CLO/Parse/src/main/resources
2017-08-31 01:40:40,507 [Worker-105] INFO  o.e.m.c.i.embedder.EclipseLogger - Using 'UTF-8' encoding to copy filtered resources.
2017-08-31 01:40:40,507 [Worker-105] INFO  o.e.m.c.i.embedder.EclipseLogger - skip non existing resourceDirectory /Users/tatianalukashuk/Workspace/CLO/Parse/src/test/resources
2017-08-31 01:42:11,111 [Worker-110] INFO  o.e.m.c.i.embedder.EclipseLogger - Using 'UTF-8' encoding to copy filtered resources.
2017-08-31 01:42:11,111 [Worker-110] INFO  o.e.m.c.i.embedder.EclipseLogger - skip non existing resourceDirectory /Users/tatianalukashuk/Workspace/CLO/Parse/src/main/resources
2017-08-31 01:42:11,112 [Worker-110] INFO  o.e.m.c.i.embedder.EclipseLogger - Using 'UTF-8' encoding to copy filtered resources.
2017-08-31 01:42:11,112 [Worker-110] INFO  o.e.m.c.i.embedder.EclipseLogger - skip non existing resourceDirectory /Users/tatianalukashuk/Workspace/CLO/Parse/src/test/resources
2017-08-31 01:42:54,629 [Worker-108] INFO  o.e.m.c.i.embedder.EclipseLogger - Using 'UTF-8' encoding to copy filtered resources.
2017-08-31 01:42:54,629 [Worker-108] INFO  o.e.m.c.i.embedder.EclipseLogger - skip non existing resourceDirectory /Users/tatianalukashuk/Workspace/CLO/Parse/src/main/resources
2017-08-31 01:42:54,630 [Worker-108] INFO  o.e.m.c.i.embedder.EclipseLogger - Using 'UTF-8' encoding to copy filtered resources.
2017-08-31 01:42:54,630 [Worker-108] INFO  o.e.m.c.i.embedder.EclipseLogger - skip non existing resourceDirectory /Users/tatianalukashuk/Workspace/CLO/Parse/src/test/resources
2017-08-31 01:46:08,272 [Worker-98] INFO  o.e.m.c.i.embedder.EclipseLogger - Using 'UTF-8' encoding to copy filtered resources.
2017-08-31 01:46:08,272 [Worker-98] INFO  o.e.m.c.i.embedder.EclipseLogger - skip non existing resourceDirectory /Users/tatianalukashuk/Workspace/CLO/Parse/src/main/resources
2017-08-31 01:46:08,273 [Worker-98] INFO  o.e.m.c.i.embedder.EclipseLogger - Using 'UTF-8' encoding to copy filtered resources.
2017-08-31 01:46:08,273 [Worker-98] INFO  o.e.m.c.i.embedder.EclipseLogger - skip non existing resourceDirectory /Users/tatianalukashuk/Workspace/CLO/Parse/src/test/resources
2017-08-31 01:50:17,882 [Worker-114] INFO  o.e.m.c.i.embedder.EclipseLogger - Using 'UTF-8' encoding to copy filtered resources.
2017-08-31 01:50:17,882 [Worker-114] INFO  o.e.m.c.i.embedder.EclipseLogger - skip non existing resourceDirectory /Users/tatianalukashuk/Workspace/CLO/Parse/src/main/resources
2017-08-31 01:50:17,883 [Worker-114] INFO  o.e.m.c.i.embedder.EclipseLogger - Using 'UTF-8' encoding to copy filtered resources.
2017-08-31 01:50:17,883 [Worker-114] INFO  o.e.m.c.i.embedder.EclipseLogger - skip non existing resourceDirectory /Users/tatianalukashuk/Workspace/CLO/Parse/src/test/resources
2017-08-31 01:53:52,817 [Worker-116] INFO  o.e.m.c.i.embedder.EclipseLogger - Using 'UTF-8' encoding to copy filtered resources.
2017-08-31 01:53:52,817 [Worker-116] INFO  o.e.m.c.i.embedder.EclipseLogger - skip non existing resourceDirectory /Users/tatianalukashuk/Workspace/CLO/Parse/src/main/resources
2017-08-31 01:53:52,820 [Worker-116] INFO  o.e.m.c.i.embedder.EclipseLogger - Using 'UTF-8' encoding to copy filtered resources.
2017-08-31 01:53:52,820 [Worker-116] INFO  o.e.m.c.i.embedder.EclipseLogger - skip non existing resourceDirectory /Users/tatianalukashuk/Workspace/CLO/Parse/src/test/resources
2017-08-31 01:54:56,756 [Worker-115] INFO  o.e.m.c.i.embedder.EclipseLogger - Using 'UTF-8' encoding to copy filtered resources.
2017-08-31 01:54:56,756 [Worker-115] INFO  o.e.m.c.i.embedder.EclipseLogger - skip non existing resourceDirectory /Users/tatianalukashuk/Workspace/CLO/Parse/src/main/resources
2017-08-31 01:54:56,757 [Worker-115] INFO  o.e.m.c.i.embedder.EclipseLogger - Using 'UTF-8' encoding to copy filtered resources.
2017-08-31 01:54:56,757 [Worker-115] INFO  o.e.m.c.i.embedder.EclipseLogger - skip non existing resourceDirectory /Users/tatianalukashuk/Workspace/CLO/Parse/src/test/resources
2017-08-31 01:55:41,843 [Worker-105] INFO  o.e.m.c.i.embedder.EclipseLogger - Using 'UTF-8' encoding to copy filtered resources.
2017-08-31 01:55:41,843 [Worker-105] INFO  o.e.m.c.i.embedder.EclipseLogger - skip non existing resourceDirectory /Users/tatianalukashuk/Workspace/CLO/Parse/src/main/resources
2017-08-31 01:55:41,845 [Worker-105] INFO  o.e.m.c.i.embedder.EclipseLogger - Using 'UTF-8' encoding to copy filtered resources.
2017-08-31 01:55:41,845 [Worker-105] INFO  o.e.m.c.i.embedder.EclipseLogger - skip non existing resourceDirectory /Users/tatianalukashuk/Workspace/CLO/Parse/src/test/resources
2017-08-31 06:27:29,210 [Worker-140] INFO  o.e.m.c.i.embedder.EclipseLogger - Using 'UTF-8' encoding to copy filtered resources.
2017-08-31 06:27:29,212 [Worker-140] INFO  o.e.m.c.i.embedder.EclipseLogger - skip non existing resourceDirectory /Users/tatianalukashuk/Workspace/CLO/Parse/src/main/resources
2017-08-31 06:27:29,213 [Worker-140] INFO  o.e.m.c.i.embedder.EclipseLogger - Using 'UTF-8' encoding to copy filtered resources.
2017-08-31 06:27:29,213 [Worker-140] INFO  o.e.m.c.i.embedder.EclipseLogger - skip non existing resourceDirectory /Users/tatianalukashuk/Workspace/CLO/Parse/src/test/resources
